Aug-22 10:56:42.279 [main] INFO  com.askimed.nf.test.App - nf-test 0.9.2
Aug-22 10:56:42.293 [main] INFO  com.askimed.nf.test.App - Arguments: [test, main.cladematrix.nf.test]
Aug-22 10:56:43.174 [main] INFO  com.askimed.nf.test.App - Nextflow Version: 25.04.6
Aug-22 10:56:43.178 [main] WARN  com.askimed.nf.test.commands.RunTestsCommand - No nf-test config file found.
Aug-22 10:56:43.192 [main] INFO  com.askimed.nf.test.lang.dependencies.DependencyResolver - Loaded 14 files from directory /home/guyoldrieve/git/btb-forestry/tests in 0.012 sec
Aug-22 10:56:43.195 [main] INFO  com.askimed.nf.test.lang.dependencies.DependencyResolver - Found 1 files containing tests.
Aug-22 10:56:43.195 [main] DEBUG com.askimed.nf.test.lang.dependencies.DependencyResolver - Found files: [/home/guyoldrieve/git/btb-forestry/tests/main.cladematrix.nf.test]
Aug-22 10:56:43.758 [main] INFO  com.askimed.nf.test.commands.RunTestsCommand - Found 1 tests to execute.
Aug-22 10:56:43.758 [main] INFO  com.askimed.nf.test.core.TestExecutionEngine - Started test plan
Aug-22 10:56:43.758 [main] INFO  com.askimed.nf.test.core.TestExecutionEngine - Running testsuite 'Test Process cladematrix' from file '/home/guyoldrieve/git/btb-forestry/tests/main.cladematrix.nf.test'.
Aug-22 10:56:43.758 [main] INFO  com.askimed.nf.test.core.TestExecutionEngine - Run test 'c5248717: Should run without failures'. type: com.askimed.nf.test.lang.process.ProcessTest
Aug-22 10:56:43.761 [main] INFO  com.askimed.nf.test.core.TestExecutionEngine - Test 'c5248717: Should run without failures' finished. status: FAILED
java.lang.Exception: Script '/home/guyoldrieve/git/btb-forestry/tests/main.nf' not found.
	at com.askimed.nf.test.lang.process.ProcessTest.execute(ProcessTest.java:90)
	at com.askimed.nf.test.core.TestExecutionEngine.execute(TestExecutionEngine.java:165)
	at com.askimed.nf.test.commands.RunTestsCommand.execute(RunTestsCommand.java:298)
	at com.askimed.nf.test.commands.AbstractCommand.call(AbstractCommand.java:43)
	at com.askimed.nf.test.commands.AbstractCommand.call(AbstractCommand.java:18)
	at picocli.CommandLine.executeUserObject(CommandLine.java:1953)
	at picocli.CommandLine.access$1300(CommandLine.java:145)
	at picocli.CommandLine$RunLast.executeUserObjectOfLastSubcommandWithSameParent(CommandLine.java:2352)
	at picocli.CommandLine$RunLast.handle(CommandLine.java:2346)
	at picocli.CommandLine$RunLast.handle(CommandLine.java:2311)
	at picocli.CommandLine$AbstractParseResultHandler.execute(CommandLine.java:2179)
	at picocli.CommandLine.execute(CommandLine.java:2078)
	at com.askimed.nf.test.App.run(App.java:39)
	at com.askimed.nf.test.App.main(App.java:46)
Aug-22 10:56:43.765 [main] INFO  com.askimed.nf.test.core.TestExecutionEngine - Testsuite 'Test Process cladematrix' finished. snapshot file: false, skipped tests: false, failed tests: true
Aug-22 10:56:43.766 [main] INFO  com.askimed.nf.test.core.TestExecutionEngine - Executed 1 tests. 1 tests failed. Done!
